recipe_path: /home/ericdill/dev/conda-forge/feedstocks/feedstocks/awscli/recipeTraceback (most recent call last):
  File "/home/ericdill/miniconda/lib/python3.6/site-packages/conda_build/environ.py", line 703, in get_install_actions
    actions = install_actions(prefix, index, specs, force=True)
  File "/home/ericdill/miniconda/lib/python3.6/site-packages/conda/plan.py", line 461, in install_actions
    update_deps, pinned)
  File "/home/ericdill/miniconda/lib/python3.6/site-packages/conda/plan.py", line 634, in get_actions_for_dists
    pkgs = r.install(specs, installed, update_deps=update_deps)
  File "/home/ericdill/miniconda/lib/python3.6/site-packages/conda/resolve.py", line 811, in install
    pkgs = self.solve(specs, returnall=returnall)
  File "/home/ericdill/miniconda/lib/python3.6/site-packages/conda/resolve.py", line 850, in solve
    reduced_index = self.get_reduced_index(specs)
  File "/home/ericdill/miniconda/lib/python3.6/site-packages/conda/resolve.py", line 376, in get_reduced_index
    specs, features = self.verify_specs(specs)
  File "/home/ericdill/miniconda/lib/python3.6/site-packages/conda/resolve.py", line 302, in verify_specs
    raise NoPackagesFoundError(bad_deps)
conda.exceptions.NoPackagesFoundError: Package missing in current linux-64 channels: 
  - botocore ==1.5.34

During handling of the above exception, another exception occurred:

Traceback (most recent call last):
  File "/home/ericdill/miniconda/lib/python3.6/site-packages/conda_build/build.py", line 1615, in build_tree
    built_packages=built_packages,
  File "/home/ericdill/miniconda/lib/python3.6/site-packages/conda_build/build.py", line 950, in build
    raise e
  File "/home/ericdill/miniconda/lib/python3.6/site-packages/conda_build/build.py", line 943, in build
    channel_urls=tuple(m.config.channel_urls))
  File "/home/ericdill/miniconda/lib/python3.6/site-packages/conda_build/environ.py", line 705, in get_install_actions
    raise DependencyNeedsBuildingError(exc, subdir=subdir)
conda_build.exceptions.DependencyNeedsBuildingError: Unsatisfiable dependencies for platform linux-64: {'botocore'}

During handling of the above exception, another exception occurred:

Traceback (most recent call last):
  File "build-feedstocks.py", line 39, in build
    api.build(recipe_path)
  File "/home/ericdill/miniconda/lib/python3.6/site-packages/conda_build/api.py", line 183, in build
    need_source_download=need_source_download, config=config, variants=variants)
  File "/home/ericdill/miniconda/lib/python3.6/site-packages/conda_build/build.py", line 1656, in build_tree
    .format(recipe) + str(e.message) + "\n" + extra_help)
RuntimeError: Can't build {'undefined_jinja_vars': [], 'config': <conda_build.config.Config object at 0x7fdeafd7c0b8>, 'meta_path': '/home/ericdill/dev/conda-forge/feedstocks/feedstocks/awscli/recipe/meta.yaml', 'path': '/home/ericdill/dev/conda-forge/feedstocks/feedstocks/awscli/recipe', 'requirements_path': '/home/ericdill/dev/conda-forge/feedstocks/feedstocks/awscli/recipe/requirements.txt', 'meta': {'package': {'name': 'awscli', 'version': '1.11.70'}, 'source': {'fn': 'awscli-1.11.70.tar.gz', 'url': 'https://pypi.io/packages/source/a/awscli/awscli-1.11.70.tar.gz', 'sha256': '321d436e95f66b99bad642ecf8ce77e4e0ba4c29329a8f2ce611ac6c4ad1a7de'}, 'build': {'number': '0', 'script': 'python setup.py install --single-version-externally-managed --record=record.txt'}, 'requirements': {'build': ['python 3.6', 'setuptools'], 'run': ['python 3.6', 'botocore ==1.5.34', 'colorama >=0.2.5,<=0.3.7', 'docutils >=0.10', 'rsa >=3.1.2,<=3.5.0', 's3transfer >=0.1.9,<0.2.0', 'pyyaml >=3.10,<=3.12'], 'host': []}, 'test': {'imports': ['awscli', 'awscli.customizations', 'awscli.customizations.cloudtrail', 'awscli.customizations.codedeploy', 'awscli.customizations.configservice', 'awscli.customizations.configure', 'awscli.customizations.datapipeline', 'awscli.customizations.ec2', 'awscli.customizations.emr', 'awscli.customizations.gamelift', 'awscli.customizations.s3', 'awscli.customizations.s3.syncstrategy']}, 'about': {'home': 'https://aws.amazon.com/cli/', 'license_file': 'LICENSE.txt', 'license': 'Apache 2.0', 'license_family': 'Apache', 'summary': 'Universal Command Line Environment for AWS.', 'dev_url': 'https://github.com/aws/aws-cli', 'doc_url': 'https://aws.amazon.com/cli/'}, 'extra': {'recipe-maintainers': ['pmlandwehr', 'hajapy'], 'final': None}}} due to environment creation error:
Unsatisfiable dependencies for platform linux-64: {'botocore'}

